sliding_menu/build/outputs/logs/manifest-merger-debug-report.txt
-- Merging decision tree log ---
manifest
ADDED from im2\sliding_menu\AndroidManifest.xml:2:1-9:12
INJECTED from im2\sliding_menu\AndroidManifest.xml:2:1-9:12
INJECTED from im2\sliding_menu\AndroidManifest.xml:2:1-9:12
INJECTED from im2\sliding_menu\AndroidManifest.xml:2:1-9:12
INJECTED from im2\sliding_menu\AndroidManifest.xml:2:1-9:12
INJECTED from im2\sliding_menu\AndroidManifest.xml:2:1-9:12
INJECTED from im2\sliding_menu\AndroidManifest.xml:2:1-9:12
	package
		ADDED from im2\sliding_menu\AndroidManifest.xml:3:5-50
		INJECTED from im2\sliding_menu\AndroidManifest.xml
		INJECTED from im2\sliding_menu\AndroidManifest.xml
	android:versionName
		ADDED from im2\sliding_menu\AndroidManifest.xml:5:5-30
		INJECTED from im2\sliding_menu\AndroidManifest.xml
		INJECTED from im2\sliding_menu\AndroidManifest.xml
	xmlns:android
		ADDED from im2\sliding_menu\AndroidManifest.xml:2:11-69
	android:versionCode
		ADDED from im2\sliding_menu\AndroidManifest.xml:4:5-28
		INJECTED from im2\sliding_menu\AndroidManifest.xml
		INJECTED from im2\sliding_menu\AndroidManifest.xml
uses-sdk
INJECTED from im2\sliding_menu\AndroidManifest.xml reason: use-sdk injection requested
INJECTED from im2\sliding_menu\AndroidManifest.xml
INJECTED from im2\sliding_menu\AndroidManifest.xml
INJECTED from im2\sliding_menu\AndroidManifest.xml
INJECTED from im2\sliding_menu\AndroidManifest.xml
	android:targetSdkVersion
		INJECTED from im2\sliding_menu\AndroidManifest.xml
		ADDED from im2\sliding_menu\AndroidManifest.xml
		INJECTED from im2\sliding_menu\AndroidManifest.xml
	android:minSdkVersion
		INJECTED from im2\sliding_menu\AndroidManifest.xml
		ADDED from im2\sliding_menu\AndroidManifest.xml
		INJECTED from im2\sliding_menu\AndroidManifest.xml